<?xml version="1.0" encoding="UTF-8"?>
<!-- Generated by org.testng.reporters.JUnitXMLReporter -->
<testsuite hostname="ENT00490WKN9761" ignored="0" name="Paint Calculation" tests="32" failures="0" timestamp="17 Feb 2018 19:08:39 GMT" time="12.881" errors="0">
  <testcase name="validationMessageDecimalNumberTest" time="0.117" classname="com.ddtest.Paint.PaintCalculationTest"/>
  <testcase name="validationMessageNegativeNumberTest" time="0.075" classname="com.ddtest.Paint.PaintCalculationTest"/>
  <testcase name="validationMessageZeroTest" time="0.078" classname="com.ddtest.Paint.PaintCalculationTest"/>
  <testcase name="validationMessagesTest" time="0.125" classname="com.ddtest.Paint.PaintCalculationTest"/>
  <testcase name="homeToDimensionsNavigationTest" time="0.159" classname="com.ddtest.Paint.PaintCalculationTest"/>
  <testcase name="verifyDimensionsCountTest" time="0.035" classname="com.ddtest.Paint.PaintCalculationTest"/>
  <testcase name="dimensionsValidationMessagesTest" time="0.113" classname="com.ddtest.Paint.PaintCalculationTest"/>
  <testcase name="negativeDimensionsValidationMessagesTest" time="0.131" classname="com.ddtest.Paint.PaintCalculationTest"/>
  <testcase name="decimalDimensionsValidationMessagesTest" time="0.127" classname="com.ddtest.Paint.PaintCalculationTest"/>
  <testcase name="zeroDimensionsValidationMessagesTest" time="0.093" classname="com.ddtest.Paint.PaintCalculationTest"/>
  <testcase name="inputDimensionsTest" time="1.609" classname="com.ddtest.Paint.PaintCalculationTest"/>
  <testcase name="verifyFeetCalculated" time="0.086" classname="com.ddtest.Paint.PaintCalculationTest"/>
  <testcase name="verifyGallonsCalculated" time="0.088" classname="com.ddtest.Paint.PaintCalculationTest"/>
  <testcase name="verifyResultsRoomcountTest" time="0.186" classname="com.ddtest.Paint.PaintCalculationTest"/>
  <testcase name="verifyTotalGallonsCalculated" time="0.05" classname="com.ddtest.Paint.PaintCalculationTest"/>
  <testcase name="backToHomeNavigationTest" time="0.154" classname="com.ddtest.Paint.PaintCalculationTest"/>
  <testcase name="validationMessageDecimalNumberTest" time="0.124" classname="com.ddtest.Paint.PaintCalculationTest"/>
  <testcase name="validationMessageNegativeNumberTest" time="0.067" classname="com.ddtest.Paint.PaintCalculationTest"/>
  <testcase name="validationMessageZeroTest" time="0.059" classname="com.ddtest.Paint.PaintCalculationTest"/>
  <testcase name="validationMessagesTest" time="0.126" classname="com.ddtest.Paint.PaintCalculationTest"/>
  <testcase name="homeToDimensionsNavigationTest" time="0.183" classname="com.ddtest.Paint.PaintCalculationTest"/>
  <testcase name="verifyDimensionsCountTest" time="0.066" classname="com.ddtest.Paint.PaintCalculationTest"/>
  <testcase name="dimensionsValidationMessagesTest" time="0.13" classname="com.ddtest.Paint.PaintCalculationTest"/>
  <testcase name="negativeDimensionsValidationMessagesTest" time="0.12" classname="com.ddtest.Paint.PaintCalculationTest"/>
  <testcase name="decimalDimensionsValidationMessagesTest" time="0.106" classname="com.ddtest.Paint.PaintCalculationTest"/>
  <testcase name="zeroDimensionsValidationMessagesTest" time="0.078" classname="com.ddtest.Paint.PaintCalculationTest"/>
  <testcase name="inputDimensionsTest" time="0.764" classname="com.ddtest.Paint.PaintCalculationTest"/>
  <testcase name="verifyFeetCalculated" time="0.05" classname="com.ddtest.Paint.PaintCalculationTest"/>
  <testcase name="verifyGallonsCalculated" time="0.054" classname="com.ddtest.Paint.PaintCalculationTest"/>
  <testcase name="verifyResultsRoomcountTest" time="0.129" classname="com.ddtest.Paint.PaintCalculationTest"/>
  <testcase name="verifyTotalGallonsCalculated" time="0.04" classname="com.ddtest.Paint.PaintCalculationTest"/>
  <testcase name="backToHomeNavigationTest" time="0.129" classname="com.ddtest.Paint.PaintCalculationTest"/>
</testsuite> <!-- Paint Calculation -->
