<?xml version="1.0" encoding="UTF-8"?>
<testsuite xmlns:xsi="http://www.w3.org/2001/XMLSchema-instance" xsi:noNamespaceSchemaLocation="https://maven.apache.org/surefire/maven-surefire-plugin/xsd/surefire-test-report.xsd" name="TestSuite" time="13.866" tests="32" errors="0" skipped="0" failures="0">
  <properties>
[...]
</properties>
  <testcase name="validationMessageDecimalNumberTest" classname="com.ddtest.Paint.PaintCalculationTest" time="0.117"/>
  <testcase name="validationMessageDecimalNumberTest" classname="com.ddtest.Paint.PaintCalculationTest" time="0.124"/>
  <testcase name="validationMessageNegativeNumberTest" classname="com.ddtest.Paint.PaintCalculationTest" time="0.072"/>
  <testcase name="validationMessageNegativeNumberTest" classname="com.ddtest.Paint.PaintCalculationTest" time="0.067"/>
  <testcase name="validationMessageZeroTest" classname="com.ddtest.Paint.PaintCalculationTest" time="0.078"/>
  <testcase name="validationMessageZeroTest" classname="com.ddtest.Paint.PaintCalculationTest" time="0.059"/>
  <testcase name="validationMessagesTest" classname="com.ddtest.Paint.PaintCalculationTest" time="0.125"/>
  <testcase name="validationMessagesTest" classname="com.ddtest.Paint.PaintCalculationTest" time="0.125"/>
  <testcase name="homeToDimensionsNavigationTest" classname="com.ddtest.Paint.PaintCalculationTest" time="0.16"/>
  <testcase name="homeToDimensionsNavigationTest" classname="com.ddtest.Paint.PaintCalculationTest" time="0.183"/>
  <testcase name="verifyDimensionsCountTest" classname="com.ddtest.Paint.PaintCalculationTest" time="0.034"/>
  <testcase name="verifyDimensionsCountTest" classname="com.ddtest.Paint.PaintCalculationTest" time="0.066"/>
  <testcase name="dimensionsValidationMessagesTest" classname="com.ddtest.Paint.PaintCalculationTest" time="0.112"/>
  <testcase name="dimensionsValidationMessagesTest" classname="com.ddtest.Paint.PaintCalculationTest" time="0.131"/>
  <testcase name="negativeDimensionsValidationMessagesTest" classname="com.ddtest.Paint.PaintCalculationTest" time="0.13"/>
  <testcase name="negativeDimensionsValidationMessagesTest" classname="com.ddtest.Paint.PaintCalculationTest" time="0.12"/>
  <testcase name="decimalDimensionsValidationMessagesTest" classname="com.ddtest.Paint.PaintCalculationTest" time="0.127"/>
  <testcase name="decimalDimensionsValidationMessagesTest" classname="com.ddtest.Paint.PaintCalculationTest" time="0.107"/>
  <testcase name="zeroDimensionsValidationMessagesTest" classname="com.ddtest.Paint.PaintCalculationTest" time="0.092"/>
  <testcase name="zeroDimensionsValidationMessagesTest" classname="com.ddtest.Paint.PaintCalculationTest" time="0.079"/>
  <testcase name="inputDimensionsTest" classname="com.ddtest.Paint.PaintCalculationTest" time="1.609"/>
  <testcase name="inputDimensionsTest" classname="com.ddtest.Paint.PaintCalculationTest" time="0.764"/>
  <testcase name="verifyFeetCalculated" classname="com.ddtest.Paint.PaintCalculationTest" time="0.087"/>
  <testcase name="verifyFeetCalculated" classname="com.ddtest.Paint.PaintCalculationTest" time="0.054"/>
  <testcase name="verifyGallonsCalculated" classname="com.ddtest.Paint.PaintCalculationTest" time="0.088"/>
  <testcase name="verifyGallonsCalculated" classname="com.ddtest.Paint.PaintCalculationTest" time="0.051"/>
  <testcase name="verifyResultsRoomcountTest" classname="com.ddtest.Paint.PaintCalculationTest" time="0.187"/>
  <testcase name="verifyResultsRoomcountTest" classname="com.ddtest.Paint.PaintCalculationTest" time="0.13"/>
  <testcase name="verifyTotalGallonsCalculated" classname="com.ddtest.Paint.PaintCalculationTest" time="0.049"/>
  <testcase name="verifyTotalGallonsCalculated" classname="com.ddtest.Paint.PaintCalculationTest" time="0.041"/>
  <testcase name="backToHomeNavigationTest" classname="com.ddtest.Paint.PaintCalculationTest" time="0.153"/>
  <testcase name="backToHomeNavigationTest" classname="com.ddtest.Paint.PaintCalculationTest" time="0.128"/>
</testsuite>